Using pre-set license
Built from '2020.2/release' branch; Version is '2020.2.2f1 (068178b99f32) revision 426360'; Using compiler version '192528614'; Build Type 'Release'
OS: 'Windows 10 Pro; OS build 18363.1256; Version 1909; 64bit' Language: 'en' Physical Memory: 16333 MB
BatchMode: 1, IsHumanControllingUs: 0, StartBugReporterOnCrash: 0, Is64bit: 1, IsPro: 0

 COMMAND LINE ARGUMENTS:
D:\2020.2.2f1\Editor\Unity.exe
-adb2
-batchMode
-noUpm
-name
AssetImportWorker0
-projectPath
C:/Users/Jawad Usman/Documents/GitHub/Just Frogger
-logFile
Logs/AssetImportWorker0.log
-srvPort
58125
Successfully changed project path to: C:/Users/Jawad Usman/Documents/GitHub/Just Frogger
C:/Users/Jawad Usman/Documents/GitHub/Just Frogger
Using Asset Import Pipeline V2.
Refreshing native plugins compatible for Editor in 47.20 ms, found 1 plugins.
Preloading 0 native plugins for Editor in 0.00 ms.
Initialize engine version: 2020.2.2f1 (068178b99f32)
[Subsystems] Discovering subsystems at path D:/2020.2.2f1/Editor/Data/Resources/UnitySubsystems
[Subsystems] Discovering subsystems at path C:/Users/Jawad Usman/Documents/GitHub/Just Frogger/Assets
GfxDevice: creating device client; threaded=0
Direct3D:
    Version:  Direct3D 11.0 [level 11.1]
    Renderer: NVIDIA GeForce RTX 2060 (ID=0x1e89)
    Vendor:   
    VRAM:     5968 MB
    Driver:   27.21.14.5671
Initialize mono
Mono path[0] = 'D:/2020.2.2f1/Editor/Data/Managed'
Mono path[1] = 'D:/2020.2.2f1/Editor/Data/MonoBleedingEdge/lib/mono/unityjit'
Mono config path = 'D:/2020.2.2f1/Editor/Data/MonoBleedingEdge/etc'
Using monoOptions --debugger-agent=transport=dt_socket,embedding=1,server=y,suspend=n,address=127.0.0.1:56464
Begin MonoManager ReloadAssembly
Registering precompiled unity dll's ...
Register platform support module: D:/2020.2.2f1/Editor/Data/PlaybackEngines/WebGLSupport/UnityEditor.WebGL.Extensions.dll
Register platform support module: D:/2020.2.2f1/Editor/Data/PlaybackEngines/WindowsStandaloneSupport/UnityEditor.WindowsStandalone.Extensions.dll
Registered in 0.001240 seconds.
Native extension for WindowsStandalone target not found
Native extension for WebGL target not found
Refreshing native plugins compatible for Editor in 53.98 ms, found 1 plugins.
Preloading 0 native plugins for Editor in 0.00 ms.
Invoked RoslynAnalysisRunner static constructor.
RoslynAnalysisRunner will not be running.
RoslynAnalysisRunner has terminated.
Mono: successfully reloaded assembly
- Completed reload, in  1.225 seconds
Platform modules already initialized, skipping
Registering precompiled user dll's ...
Registered in 0.004173 seconds.
Begin MonoManager ReloadAssembly
Native extension for WindowsStandalone target not found
Native extension for WebGL target not found
Refreshing native plugins compatible for Editor in 41.90 ms, found 1 plugins.
Preloading 0 native plugins for Editor in 0.00 ms.
Invoked RoslynAnalysisRunner static constructor.
RoslynAnalysisRunner will not be running.
RoslynAnalysisRunner has terminated.
Mono: successfully reloaded assembly
- Completed reload, in  0.905 seconds
Platform modules already initialized, skipping
========================================================================
Worker process is ready to serve import requests
Launched and connected shader compiler UnityShaderCompiler.exe after 0.04 seconds
Refreshing native plugins compatible for Editor in 0.95 ms, found 1 plugins.
Preloading 0 native plugins for Editor in 0.00 ms.
Unloading 1884 Unused Serialized files (Serialized files now loaded: 0)
System memory in use before: 94.2 MB.
System memory in use after: 94.1 MB.

Unloading 32 unused Assets to reduce memory usage. Loaded Objects now: 2323.
Total: 2.852400 ms (FindLiveObjects: 0.298100 ms CreateObjectMapping: 0.055000 ms MarkObjects: 2.333300 ms  DeleteObjects: 0.164800 ms)

========================================================================
Received Import Request.
  path: Assets/Shapes
  artifactKey: Guid(159f9792d6d8283458e43d953b263bac) Importer(815301076,1909f56bfc062723c751e8b465ee728b)
Start importing Assets/Shapes using Guid(159f9792d6d8283458e43d953b263bac) Importer(815301076,1909f56bfc062723c751e8b465ee728b)  -> (artifact id: '0125b9267de19724bd87ffa21fb1f4e9') in 0.005632 seconds
  Import took 0.008706 seconds .

========================================================================
Received Import Request.
  Time since last request: 11.716041 seconds.
  path: Assets/Scripts
  artifactKey: Guid(b0ded84aab470da4995a5c1900a94b40) Importer(815301076,1909f56bfc062723c751e8b465ee728b)
Start importing Assets/Scripts using Guid(b0ded84aab470da4995a5c1900a94b40) Importer(815301076,1909f56bfc062723c751e8b465ee728b)  -> (artifact id: '46bc4b26fd3bd7eb06fd63d31802eabe') in 0.015239 seconds
  Import took 0.019597 seconds .

========================================================================
Received Import Request.
  Time since last request: 9.186339 seconds.
  path: Assets/Prefabs
  artifactKey: Guid(faed0513ae7567945937b770e58a2a6d) Importer(815301076,1909f56bfc062723c751e8b465ee728b)
Start importing Assets/Prefabs using Guid(faed0513ae7567945937b770e58a2a6d) Importer(815301076,1909f56bfc062723c751e8b465ee728b)  -> (artifact id: 'c00fcb5880b49ed9ccaa283cfd2d6276') in 0.020571 seconds
  Import took 0.025530 seconds .

========================================================================
Received Prepare
Registering precompiled user dll's ...
Registered in 0.004341 seconds.
Begin MonoManager ReloadAssembly
Native extension for WindowsStandalone target not found
Native extension for WebGL target not found
Refreshing native plugins compatible for Editor in 0.93 ms, found 1 plugins.
Preloading 0 native plugins for Editor in 0.00 ms.
Invoked RoslynAnalysisRunner static constructor.
RoslynAnalysisRunner will not be running.
RoslynAnalysisRunner has terminated.
Mono: successfully reloaded assembly
- Completed reload, in  0.977 seconds
Platform modules already initialized, skipping
Refreshing native plugins compatible for Editor in 0.58 ms, found 1 plugins.
Preloading 0 native plugins for Editor in 0.00 ms.
Unloading 1827 Unused Serialized files (Serialized files now loaded: 0)
System memory in use before: 90.4 MB.
System memory in use after: 90.4 MB.

Unloading 20 unused Assets to reduce memory usage. Loaded Objects now: 2328.
Total: 2.026000 ms (FindLiveObjects: 0.225200 ms CreateObjectMapping: 0.047300 ms MarkObjects: 1.643600 ms  DeleteObjects: 0.109000 ms)

========================================================================
Received Import Request.
  Time since last request: 25.823284 seconds.
  path: Assets/Scripts/MoveInADirection.cs
  artifactKey: Guid(3cd2a3e7073c44447859e0609329c73e) Importer(815301076,1909f56bfc062723c751e8b465ee728b)
Start importing Assets/Scripts/MoveInADirection.cs using Guid(3cd2a3e7073c44447859e0609329c73e) Importer(815301076,1909f56bfc062723c751e8b465ee728b)  -> (artifact id: '451f68fad77babe13d7e1f5cbd3f18b9') in 0.024786 seconds
  Import took 0.028470 seconds .

========================================================================
Received Import Request.
  Time since last request: 0.000806 seconds.
  path: Assets/Scripts/MoveInADirection.cs
  artifactKey: Guid(3cd2a3e7073c44447859e0609329c73e) Importer(815301076,1909f56bfc062723c751e8b465ee728b)
Start importing Assets/Scripts/MoveInADirection.cs using Guid(3cd2a3e7073c44447859e0609329c73e) Importer(815301076,1909f56bfc062723c751e8b465ee728b)  -> (artifact id: '451f68fad77babe13d7e1f5cbd3f18b9') in 0.002068 seconds
  Import took 0.004925 seconds .

========================================================================
Received Import Request.
  Time since last request: 62.690450 seconds.
  path: ProjectSettings/TagManager.asset
  artifactKey: Guid(00000000000000003000000000000000) Importer(815301076,1909f56bfc062723c751e8b465ee728b)
Start importing ProjectSettings/TagManager.asset using Guid(00000000000000003000000000000000) Importer(815301076,1909f56bfc062723c751e8b465ee728b)  -> (artifact id: 'e8c3ab6b558fa7fe7c42e9a55a892947') in 0.013492 seconds
  Import took 0.016842 seconds .

========================================================================
Received Import Request.
  Time since last request: 0.028692 seconds.
  path: ProjectSettings/TagManager.asset
  artifactKey: Guid(00000000000000003000000000000000) Importer(815301076,1909f56bfc062723c751e8b465ee728b)
Start importing ProjectSettings/TagManager.asset using Guid(00000000000000003000000000000000) Importer(815301076,1909f56bfc062723c751e8b465ee728b)  -> (artifact id: 'e8c3ab6b558fa7fe7c42e9a55a892947') in 0.003004 seconds
  Import took 0.006702 seconds .

========================================================================
Received Prepare
Registering precompiled user dll's ...
Registered in 0.004248 seconds.
Begin MonoManager ReloadAssembly
Native extension for WindowsStandalone target not found
Native extension for WebGL target not found
Refreshing native plugins compatible for Editor in 0.57 ms, found 1 plugins.
Preloading 0 native plugins for Editor in 0.00 ms.
Invoked RoslynAnalysisRunner static constructor.
RoslynAnalysisRunner will not be running.
RoslynAnalysisRunner has terminated.
Mono: successfully reloaded assembly
- Completed reload, in  0.795 seconds
Platform modules already initialized, skipping
Refreshing native plugins compatible for Editor in 0.58 ms, found 1 plugins.
Preloading 0 native plugins for Editor in 0.00 ms.
Unloading 1827 Unused Serialized files (Serialized files now loaded: 0)
System memory in use before: 91.3 MB.
System memory in use after: 91.3 MB.

Unloading 22 unused Assets to reduce memory usage. Loaded Objects now: 2332.
Total: 2.362100 ms (FindLiveObjects: 0.219600 ms CreateObjectMapping: 0.048200 ms MarkObjects: 1.960000 ms  DeleteObjects: 0.132900 ms)

========================================================================
Received Import Request.
  Time since last request: 779.590183 seconds.
  path: Assets/Scripts/PlayerController.cs
  artifactKey: Guid(4d32d411ce6fa8641b5c8efd75c5bbc2) Importer(815301076,1909f56bfc062723c751e8b465ee728b)
Start importing Assets/Scripts/PlayerController.cs using Guid(4d32d411ce6fa8641b5c8efd75c5bbc2) Importer(815301076,1909f56bfc062723c751e8b465ee728b)  -> (artifact id: '490be3ed3c9c9fda2a5f4968008be1e8') in 0.008058 seconds
  Import took 0.011928 seconds .

========================================================================
Received Import Request.
  Time since last request: 0.001020 seconds.
  path: Assets/Scripts/PlayerController.cs
  artifactKey: Guid(4d32d411ce6fa8641b5c8efd75c5bbc2) Importer(815301076,1909f56bfc062723c751e8b465ee728b)
Start importing Assets/Scripts/PlayerController.cs using Guid(4d32d411ce6fa8641b5c8efd75c5bbc2) Importer(815301076,1909f56bfc062723c751e8b465ee728b)  -> (artifact id: '490be3ed3c9c9fda2a5f4968008be1e8') in 0.002141 seconds
  Import took 0.005012 seconds .

========================================================================
Received Prepare
Registering precompiled user dll's ...
Registered in 0.004168 seconds.
Begin MonoManager ReloadAssembly
Native extension for WindowsStandalone target not found
Native extension for WebGL target not found
Refreshing native plugins compatible for Editor in 0.57 ms, found 1 plugins.
Preloading 0 native plugins for Editor in 0.00 ms.
Invoked RoslynAnalysisRunner static constructor.
RoslynAnalysisRunner will not be running.
RoslynAnalysisRunner has terminated.
Mono: successfully reloaded assembly
- Completed reload, in  0.813 seconds
Platform modules already initialized, skipping
Refreshing native plugins compatible for Editor in 0.54 ms, found 1 plugins.
Preloading 0 native plugins for Editor in 0.00 ms.
Unloading 1828 Unused Serialized files (Serialized files now loaded: 0)
System memory in use before: 91.5 MB.
System memory in use after: 91.5 MB.

Unloading 20 unused Assets to reduce memory usage. Loaded Objects now: 2337.
Total: 2.376800 ms (FindLiveObjects: 0.381700 ms CreateObjectMapping: 0.069500 ms MarkObjects: 1.797100 ms  DeleteObjects: 0.127600 ms)

========================================================================
Received Prepare
Registering precompiled user dll's ...
Registered in 0.013137 seconds.
Begin MonoManager ReloadAssembly
Native extension for WindowsStandalone target not found
Native extension for WebGL target not found
Refreshing native plugins compatible for Editor in 0.61 ms, found 1 plugins.
Preloading 0 native plugins for Editor in 0.00 ms.
Invoked RoslynAnalysisRunner static constructor.
RoslynAnalysisRunner will not be running.
RoslynAnalysisRunner has terminated.
Mono: successfully reloaded assembly
- Completed reload, in  0.799 seconds
Platform modules already initialized, skipping
Refreshing native plugins compatible for Editor in 0.52 ms, found 1 plugins.
Preloading 0 native plugins for Editor in 0.00 ms.
Unloading 1828 Unused Serialized files (Serialized files now loaded: 0)
System memory in use before: 91.5 MB.
System memory in use after: 91.5 MB.

Unloading 20 unused Assets to reduce memory usage. Loaded Objects now: 2341.
Total: 2.319600 ms (FindLiveObjects: 0.233700 ms CreateObjectMapping: 0.047800 ms MarkObjects: 1.906700 ms  DeleteObjects: 0.130100 ms)

========================================================================
Received Import Request.
  Time since last request: 1353.282789 seconds.
  path: Assets/Scripts/PlayerController.cs
  artifactKey: Guid(4d32d411ce6fa8641b5c8efd75c5bbc2) Importer(815301076,1909f56bfc062723c751e8b465ee728b)
Start importing Assets/Scripts/PlayerController.cs using Guid(4d32d411ce6fa8641b5c8efd75c5bbc2) Importer(815301076,1909f56bfc062723c751e8b465ee728b)  -> (artifact id: '743beb49474623958a14db0eaa03b847') in 0.005343 seconds
  Import took 0.008315 seconds .

========================================================================
Received Prepare
Registering precompiled user dll's ...
Registered in 0.007574 seconds.
Begin MonoManager ReloadAssembly
Native extension for WindowsStandalone target not found
Native extension for WebGL target not found
Refreshing native plugins compatible for Editor in 0.67 ms, found 2 plugins.
Preloading 0 native plugins for Editor in 0.00 ms.
Invoked RoslynAnalysisRunner static constructor.
RoslynAnalysisRunner will not be running.
RoslynAnalysisRunner has terminated.
Mono: successfully reloaded assembly
- Completed reload, in  0.857 seconds
Platform modules already initialized, skipping
Refreshing native plugins compatible for Editor in 0.69 ms, found 2 plugins.
Preloading 0 native plugins for Editor in 0.00 ms.
Unloading 1880 Unused Serialized files (Serialized files now loaded: 0)
System memory in use before: 93.8 MB.
System memory in use after: 93.8 MB.

Unloading 30 unused Assets to reduce memory usage. Loaded Objects now: 2447.
Total: 2.249400 ms (FindLiveObjects: 0.272900 ms CreateObjectMapping: 0.054000 ms MarkObjects: 1.794300 ms  DeleteObjects: 0.127200 ms)

